[2021-07-10 18:09:13] local.ERROR: syntax error, unexpected '=>' (T_DOUBLE_ARROW) {"exception":"[object] (ParseError(code: 0): syntax error, unexpected '=>' (T_DOUBLE_ARROW) at /Users/shabbirhussain/user_management/app/Http/Controllers/UserController.php:32)
[stacktrace]
#0 /Users/shabbirhussain/user_management/vendor/composer/ClassLoader.php(346): Composer\\Autoload\\includeFile('/Users/shabbirh...')
#1 [internal function]: Composer\\Autoload\\ClassLoader->loadClass('App\\\\Http\\\\Contro...')
#2 [internal function]: spl_autoload_call('App\\\\Http\\\\Contro...')
#3 /Users/shabbirhussain/user_management/vendor/illuminate/container/Container.php(873): ReflectionClass->__construct('App\\\\Http\\\\Contro...')
#4 /Users/shabbirhussain/user_management/vendor/illuminate/container/Container.php(754): Illuminate\\Container\\Container->build('App\\\\Http\\\\Contro...')
#5 /Users/shabbirhussain/user_management/vendor/illuminate/container/Container.php(692): Illuminate\\Container\\Container->resolve('App\\\\Http\\\\Contro...', Array)
#6 /Users/shabbirhussain/user_management/vendor/laravel/lumen-framework/src/Application.php(300): Illuminate\\Container\\Container->make('App\\\\Http\\\\Contro...', Array)
#7 /Users/shabbirhussain/user_management/vendor/laravel/lumen-framework/src/Concerns/RoutesRequests.php(321): Laravel\\Lumen\\Application->make('App\\\\Http\\\\Contro...')
#8 /Users/shabbirhussain/user_management/vendor/laravel/lumen-framework/src/Concerns/RoutesRequests.php(279): Laravel\\Lumen\\Application->callControllerAction(Array)
#9 /Users/shabbirhussain/user_management/vendor/laravel/lumen-framework/src/Concerns/RoutesRequests.php(264): Laravel\\Lumen\\Application->callActionOnArrayBasedRoute(Array)
#10 /Users/shabbirhussain/user_management/vendor/laravel/lumen-framework/src/Concerns/RoutesRequests.php(166): Laravel\\Lumen\\Application->handleFoundRoute(Array)
#11 /Users/shabbirhussain/user_management/vendor/laravel/lumen-framework/src/Concerns/RoutesRequests.php(426): Laravel\\Lumen\\Application->Laravel\\Lumen\\Concerns\\{closure}(Object(Laravel\\Lumen\\Http\\Request))
#12 /Users/shabbirhussain/user_management/vendor/laravel/lumen-framework/src/Concerns/RoutesRequests.php(172): Laravel\\Lumen\\Application->sendThroughPipeline(Array, Object(Closure))
#13 /Users/shabbirhussain/user_management/vendor/laravel/lumen-framework/src/Concerns/RoutesRequests.php(109): Laravel\\Lumen\\Application->dispatch(NULL)
#14 /Users/shabbirhussain/user_management/public/index.php(28): Laravel\\Lumen\\Application->run()
#15 {main}
"} 
[2021-07-10 18:10:50] local.ERROR: Target class [App\Http\Controllers\Request] does not exist. {"exception":"[object] (Illuminate\\Contracts\\Container\\BindingResolutionException(code: 0): Target class [App\\Http\\Controllers\\Request] does not exist. at /Users/shabbirhussain/user_management/vendor/illuminate/container/Container.php:875)
[stacktrace]
#0 /Users/shabbirhussain/user_management/vendor/illuminate/container/Container.php(754): Illuminate\\Container\\Container->build('App\\\\Http\\\\Contro...')
#1 /Users/shabbirhussain/user_management/vendor/illuminate/container/Container.php(692): Illuminate\\Container\\Container->resolve('App\\\\Http\\\\Contro...', Array)
#2 /Users/shabbirhussain/user_management/vendor/laravel/lumen-framework/src/Application.php(300): Illuminate\\Container\\Container->make('App\\\\Http\\\\Contro...', Array)
#3 /Users/shabbirhussain/user_management/vendor/illuminate/container/BoundMethod.php(175): Laravel\\Lumen\\Application->make('App\\\\Http\\\\Contro...')
#4 /Users/shabbirhussain/user_management/vendor/illuminate/container/BoundMethod.php(124): Illuminate\\Container\\BoundMethod::addDependencyForCallParameter(Object(Laravel\\Lumen\\Application), Object(ReflectionParameter), Array, Array)
#5 /Users/shabbirhussain/user_management/vendor/illuminate/container/BoundMethod.php(36): Illuminate\\Container\\BoundMethod::getMethodDependencies(Object(Laravel\\Lumen\\Application), Array, Array)
#6 /Users/shabbirhussain/user_management/vendor/illuminate/container/Util.php(40): Illuminate\\Container\\BoundMethod::Illuminate\\Container\\{closure}()
#7 /Users/shabbirhussain/user_management/vendor/illuminate/container/BoundMethod.php(93): Illuminate\\Container\\Util::unwrapIfClosure(Object(Closure))
#8 /Users/shabbirhussain/user_management/vendor/illuminate/container/BoundMethod.php(37): Illuminate\\Container\\BoundMethod::callBoundMethod(Object(Laravel\\Lumen\\Application), Array, Object(Closure))
#9 /Users/shabbirhussain/user_management/vendor/illuminate/container/Container.php(651): Illuminate\\Container\\BoundMethod::call(Object(Laravel\\Lumen\\Application), Array, Array, NULL)
#10 /Users/shabbirhussain/user_management/vendor/laravel/lumen-framework/src/Concerns/RoutesRequests.php(386): Illuminate\\Container\\Container->call(Array, Array)
#11 /Users/shabbirhussain/user_management/vendor/laravel/lumen-framework/src/Concerns/RoutesRequests.php(352): Laravel\\Lumen\\Application->callControllerCallable(Array, Array)
#12 /Users/shabbirhussain/user_management/vendor/laravel/lumen-framework/src/Concerns/RoutesRequests.php(326): Laravel\\Lumen\\Application->callLumenController(Object(App\\Http\\Controllers\\UserController), 'register', Array)
#13 /Users/shabbirhussain/user_management/vendor/laravel/lumen-framework/src/Concerns/RoutesRequests.php(279): Laravel\\Lumen\\Application->callControllerAction(Array)
#14 /Users/shabbirhussain/user_management/vendor/laravel/lumen-framework/src/Concerns/RoutesRequests.php(264): Laravel\\Lumen\\Application->callActionOnArrayBasedRoute(Array)
#15 /Users/shabbirhussain/user_management/vendor/laravel/lumen-framework/src/Concerns/RoutesRequests.php(166): Laravel\\Lumen\\Application->handleFoundRoute(Array)
#16 /Users/shabbirhussain/user_management/vendor/laravel/lumen-framework/src/Concerns/RoutesRequests.php(426): Laravel\\Lumen\\Application->Laravel\\Lumen\\Concerns\\{closure}(Object(Laravel\\Lumen\\Http\\Request))
#17 /Users/shabbirhussain/user_management/vendor/laravel/lumen-framework/src/Concerns/RoutesRequests.php(172): Laravel\\Lumen\\Application->sendThroughPipeline(Array, Object(Closure))
#18 /Users/shabbirhussain/user_management/vendor/laravel/lumen-framework/src/Concerns/RoutesRequests.php(109): Laravel\\Lumen\\Application->dispatch(NULL)
#19 /Users/shabbirhussain/user_management/public/index.php(28): Laravel\\Lumen\\Application->run()
#20 {main}

[previous exception] [object] (ReflectionException(code: -1): Class App\\Http\\Controllers\\Request does not exist at /Users/shabbirhussain/user_management/vendor/illuminate/container/Container.php:873)
[stacktrace]
#0 /Users/shabbirhussain/user_management/vendor/illuminate/container/Container.php(873): ReflectionClass->__construct('App\\\\Http\\\\Contro...')
#1 /Users/shabbirhussain/user_management/vendor/illuminate/container/Container.php(754): Illuminate\\Container\\Container->build('App\\\\Http\\\\Contro...')
#2 /Users/shabbirhussain/user_management/vendor/illuminate/container/Container.php(692): Illuminate\\Container\\Container->resolve('App\\\\Http\\\\Contro...', Array)
#3 /Users/shabbirhussain/user_management/vendor/laravel/lumen-framework/src/Application.php(300): Illuminate\\Container\\Container->make('App\\\\Http\\\\Contro...', Array)
#4 /Users/shabbirhussain/user_management/vendor/illuminate/container/BoundMethod.php(175): Laravel\\Lumen\\Application->make('App\\\\Http\\\\Contro...')
#5 /Users/shabbirhussain/user_management/vendor/illuminate/container/BoundMethod.php(124): Illuminate\\Container\\BoundMethod::addDependencyForCallParameter(Object(Laravel\\Lumen\\Application), Object(ReflectionParameter), Array, Array)
#6 /Users/shabbirhussain/user_management/vendor/illuminate/container/BoundMethod.php(36): Illuminate\\Container\\BoundMethod::getMethodDependencies(Object(Laravel\\Lumen\\Application), Array, Array)
#7 /Users/shabbirhussain/user_management/vendor/illuminate/container/Util.php(40): Illuminate\\Container\\BoundMethod::Illuminate\\Container\\{closure}()
#8 /Users/shabbirhussain/user_management/vendor/illuminate/container/BoundMethod.php(93): Illuminate\\Container\\Util::unwrapIfClosure(Object(Closure))
#9 /Users/shabbirhussain/user_management/vendor/illuminate/container/BoundMethod.php(37): Illuminate\\Container\\BoundMethod::callBoundMethod(Object(Laravel\\Lumen\\Application), Array, Object(Closure))
#10 /Users/shabbirhussain/user_management/vendor/illuminate/container/Container.php(651): Illuminate\\Container\\BoundMethod::call(Object(Laravel\\Lumen\\Application), Array, Array, NULL)
#11 /Users/shabbirhussain/user_management/vendor/laravel/lumen-framework/src/Concerns/RoutesRequests.php(386): Illuminate\\Container\\Container->call(Array, Array)
#12 /Users/shabbirhussain/user_management/vendor/laravel/lumen-framework/src/Concerns/RoutesRequests.php(352): Laravel\\Lumen\\Application->callControllerCallable(Array, Array)
#13 /Users/shabbirhussain/user_management/vendor/laravel/lumen-framework/src/Concerns/RoutesRequests.php(326): Laravel\\Lumen\\Application->callLumenController(Object(App\\Http\\Controllers\\UserController), 'register', Array)
#14 /Users/shabbirhussain/user_management/vendor/laravel/lumen-framework/src/Concerns/RoutesRequests.php(279): Laravel\\Lumen\\Application->callControllerAction(Array)
#15 /Users/shabbirhussain/user_management/vendor/laravel/lumen-framework/src/Concerns/RoutesRequests.php(264): Laravel\\Lumen\\Application->callActionOnArrayBasedRoute(Array)
#16 /Users/shabbirhussain/user_management/vendor/laravel/lumen-framework/src/Concerns/RoutesRequests.php(166): Laravel\\Lumen\\Application->handleFoundRoute(Array)
#17 /Users/shabbirhussain/user_management/vendor/laravel/lumen-framework/src/Concerns/RoutesRequests.php(426): Laravel\\Lumen\\Application->Laravel\\Lumen\\Concerns\\{closure}(Object(Laravel\\Lumen\\Http\\Request))
#18 /Users/shabbirhussain/user_management/vendor/laravel/lumen-framework/src/Concerns/RoutesRequests.php(172): Laravel\\Lumen\\Application->sendThroughPipeline(Array, Object(Closure))
#19 /Users/shabbirhussain/user_management/vendor/laravel/lumen-framework/src/Concerns/RoutesRequests.php(109): Laravel\\Lumen\\Application->dispatch(NULL)
#20 /Users/shabbirhussain/user_management/public/index.php(28): Laravel\\Lumen\\Application->run()
#21 {main}
"} 
[2021-07-10 18:30:55] local.ERROR: Class 'App\User' not found {"exception":"[object] (Error(code: 0): Class 'App\\User' not found at /Users/shabbirhussain/user_management/app/Http/Controllers/UserController.php:30)
[stacktrace]
#0 /Users/shabbirhussain/user_management/vendor/illuminate/container/BoundMethod.php(36): App\\Http\\Controllers\\UserController->register(Object(Laravel\\Lumen\\Http\\Request))
#1 /Users/shabbirhussain/user_management/vendor/illuminate/container/Util.php(40): Illuminate\\Container\\BoundMethod::Illuminate\\Container\\{closure}()
#2 /Users/shabbirhussain/user_management/vendor/illuminate/container/BoundMethod.php(93): Illuminate\\Container\\Util::unwrapIfClosure(Object(Closure))
#3 /Users/shabbirhussain/user_management/vendor/illuminate/container/BoundMethod.php(37): Illuminate\\Container\\BoundMethod::callBoundMethod(Object(Laravel\\Lumen\\Application), Array, Object(Closure))
#4 /Users/shabbirhussain/user_management/vendor/illuminate/container/Container.php(651): Illuminate\\Container\\BoundMethod::call(Object(Laravel\\Lumen\\Application), Array, Array, NULL)
#5 /Users/shabbirhussain/user_management/vendor/laravel/lumen-framework/src/Concerns/RoutesRequests.php(386): Illuminate\\Container\\Container->call(Array, Array)
#6 /Users/shabbirhussain/user_management/vendor/laravel/lumen-framework/src/Concerns/RoutesRequests.php(352): Laravel\\Lumen\\Application->callControllerCallable(Array, Array)
#7 /Users/shabbirhussain/user_management/vendor/laravel/lumen-framework/src/Concerns/RoutesRequests.php(326): Laravel\\Lumen\\Application->callLumenController(Object(App\\Http\\Controllers\\UserController), 'register', Array)
#8 /Users/shabbirhussain/user_management/vendor/laravel/lumen-framework/src/Concerns/RoutesRequests.php(279): Laravel\\Lumen\\Application->callControllerAction(Array)
#9 /Users/shabbirhussain/user_management/vendor/laravel/lumen-framework/src/Concerns/RoutesRequests.php(264): Laravel\\Lumen\\Application->callActionOnArrayBasedRoute(Array)
#10 /Users/shabbirhussain/user_management/vendor/laravel/lumen-framework/src/Concerns/RoutesRequests.php(166): Laravel\\Lumen\\Application->handleFoundRoute(Array)
#11 /Users/shabbirhussain/user_management/vendor/laravel/lumen-framework/src/Concerns/RoutesRequests.php(426): Laravel\\Lumen\\Application->Laravel\\Lumen\\Concerns\\{closure}(Object(Laravel\\Lumen\\Http\\Request))
#12 /Users/shabbirhussain/user_management/vendor/laravel/lumen-framework/src/Concerns/RoutesRequests.php(172): Laravel\\Lumen\\Application->sendThroughPipeline(Array, Object(Closure))
#13 /Users/shabbirhussain/user_management/vendor/laravel/lumen-framework/src/Concerns/RoutesRequests.php(109): Laravel\\Lumen\\Application->dispatch(NULL)
#14 /Users/shabbirhussain/user_management/public/index.php(28): Laravel\\Lumen\\Application->run()
#15 {main}
"} 
[2021-07-10 18:34:21] local.ERROR: Class 'App\User' not found {"exception":"[object] (Error(code: 0): Class 'App\\User' not found at /Users/shabbirhussain/user_management/app/Http/Controllers/UserController.php:30)
[stacktrace]
#0 /Users/shabbirhussain/user_management/vendor/illuminate/container/BoundMethod.php(36): App\\Http\\Controllers\\UserController->register(Object(Laravel\\Lumen\\Http\\Request))
#1 /Users/shabbirhussain/user_management/vendor/illuminate/container/Util.php(40): Illuminate\\Container\\BoundMethod::Illuminate\\Container\\{closure}()
#2 /Users/shabbirhussain/user_management/vendor/illuminate/container/BoundMethod.php(93): Illuminate\\Container\\Util::unwrapIfClosure(Object(Closure))
#3 /Users/shabbirhussain/user_management/vendor/illuminate/container/BoundMethod.php(37): Illuminate\\Container\\BoundMethod::callBoundMethod(Object(Laravel\\Lumen\\Application), Array, Object(Closure))
#4 /Users/shabbirhussain/user_management/vendor/illuminate/container/Container.php(651): Illuminate\\Container\\BoundMethod::call(Object(Laravel\\Lumen\\Application), Array, Array, NULL)
#5 /Users/shabbirhussain/user_management/vendor/laravel/lumen-framework/src/Concerns/RoutesRequests.php(386): Illuminate\\Container\\Container->call(Array, Array)
#6 /Users/shabbirhussain/user_management/vendor/laravel/lumen-framework/src/Concerns/RoutesRequests.php(352): Laravel\\Lumen\\Application->callControllerCallable(Array, Array)
#7 /Users/shabbirhussain/user_management/vendor/laravel/lumen-framework/src/Concerns/RoutesRequests.php(326): Laravel\\Lumen\\Application->callLumenController(Object(App\\Http\\Controllers\\UserController), 'register', Array)
#8 /Users/shabbirhussain/user_management/vendor/laravel/lumen-framework/src/Concerns/RoutesRequests.php(279): Laravel\\Lumen\\Application->callControllerAction(Array)
#9 /Users/shabbirhussain/user_management/vendor/laravel/lumen-framework/src/Concerns/RoutesRequests.php(264): Laravel\\Lumen\\Application->callActionOnArrayBasedRoute(Array)
#10 /Users/shabbirhussain/user_management/vendor/laravel/lumen-framework/src/Concerns/RoutesRequests.php(166): Laravel\\Lumen\\Application->handleFoundRoute(Array)
#11 /Users/shabbirhussain/user_management/vendor/laravel/lumen-framework/src/Concerns/RoutesRequests.php(426): Laravel\\Lumen\\Application->Laravel\\Lumen\\Concerns\\{closure}(Object(Laravel\\Lumen\\Http\\Request))
#12 /Users/shabbirhussain/user_management/vendor/laravel/lumen-framework/src/Concerns/RoutesRequests.php(172): Laravel\\Lumen\\Application->sendThroughPipeline(Array, Object(Closure))
#13 /Users/shabbirhussain/user_management/vendor/laravel/lumen-framework/src/Concerns/RoutesRequests.php(109): Laravel\\Lumen\\Application->dispatch(NULL)
#14 /Users/shabbirhussain/user_management/public/index.php(28): Laravel\\Lumen\\Application->run()
#15 {main}
"} 
